2024-12-30 16:04:28 [INFO]: Server running on port 3000
2024-12-30 16:05:56 [INFO]: Incoming request: POST /api/auth/login
2024-12-30 16:05:56 [INFO]: Login request received
2024-12-30 16:05:57 [WARN]: Login failed: Invalid password
2024-12-30 16:06:00 [INFO]: Incoming request: POST /api/auth/login
2024-12-30 16:06:00 [INFO]: Login request received
2024-12-30 16:06:00 [INFO]: User logged in successfully
2024-12-30 16:06:00 [INFO]: Incoming request: GET /api/forms
2024-12-30 16:06:00 [INFO]: Incoming request: GET /api/auth/me
2024-12-30 16:06:00 [INFO]: Token authenticated successfully
2024-12-30 16:06:00 [INFO]: Get user request received
2024-12-30 16:06:00 [INFO]: Incoming request: GET /api/forms
2024-12-30 16:06:00 [INFO]: User data retrieved successfully
2024-12-30 16:06:05 [INFO]: Incoming request: GET /api/auth/me
2024-12-30 16:06:05 [INFO]: Token authenticated successfully
2024-12-30 16:06:05 [INFO]: Get user request received
2024-12-30 16:06:05 [INFO]: User data retrieved successfully
2024-12-30 16:06:09 [INFO]: Incoming request: GET /api/forms
2024-12-30 16:06:09 [INFO]: Incoming request: GET /api/auth/me
2024-12-30 16:06:09 [INFO]: Token authenticated successfully
2024-12-30 16:06:09 [INFO]: Get user request received
2024-12-30 16:06:09 [INFO]: Incoming request: GET /api/forms
2024-12-30 16:06:09 [INFO]: User data retrieved successfully
2024-12-30 16:07:02 [INFO]: Incoming request: GET /api/auth/me
2024-12-30 16:07:02 [INFO]: Token authenticated successfully
2024-12-30 16:07:02 [INFO]: Get user request received
2024-12-30 16:07:02 [INFO]: Incoming request: GET /api/auth/me
2024-12-30 16:07:02 [INFO]: Token authenticated successfully
2024-12-30 16:07:02 [INFO]: Get user request received
2024-12-30 16:07:02 [INFO]: User data retrieved successfully
2024-12-30 16:07:02 [INFO]: User data retrieved successfully
2024-12-30 16:07:02 [INFO]: Incoming request: GET /api/forms
2024-12-30 16:07:02 [INFO]: Incoming request: GET /api/forms
2024-12-30 16:08:34 [INFO]: Incoming request: GET /api/auth/me
2024-12-30 16:08:34 [INFO]: Token authenticated successfully
2024-12-30 16:08:34 [INFO]: Get user request received
2024-12-30 16:08:34 [INFO]: Incoming request: GET /api/auth/me
2024-12-30 16:08:34 [INFO]: Token authenticated successfully
2024-12-30 16:08:34 [INFO]: Get user request received
2024-12-30 16:08:34 [INFO]: User data retrieved successfully
2024-12-30 16:08:34 [INFO]: User data retrieved successfully
2024-12-30 16:08:34 [INFO]: Incoming request: GET /api/forms
2024-12-30 16:08:34 [INFO]: Incoming request: GET /api/forms
2024-12-30 16:09:50 [INFO]: Server running on port 3000
2024-12-30 16:09:57 [INFO]: Incoming request: GET /api/auth/me
2024-12-30 16:09:57 [INFO]: Token authenticated successfully
2024-12-30 16:09:57 [INFO]: Get user request received
2024-12-30 16:09:57 [INFO]: Incoming request: GET /api/auth/me
2024-12-30 16:09:57 [INFO]: Token authenticated successfully
2024-12-30 16:09:57 [INFO]: Get user request received
2024-12-30 16:09:57 [INFO]: User data retrieved successfully
2024-12-30 16:09:57 [INFO]: User data retrieved successfully
2024-12-30 16:09:57 [INFO]: Incoming request: GET /api/forms
2024-12-30 16:09:57 [INFO]: Token authenticated successfully
2024-12-30 16:09:57 [INFO]: Incoming request: GET /api/forms
2024-12-30 16:09:57 [INFO]: Token authenticated successfully
2024-12-30 16:10:01 [INFO]: Incoming request: GET /api/forms/cm5azhojx0001kvcqk4u3t4hf
2024-12-30 16:10:01 [INFO]: Token authenticated successfully
2024-12-30 16:10:01 [INFO]: Incoming request: GET /api/auth/me
2024-12-30 16:10:01 [INFO]: Token authenticated successfully
2024-12-30 16:10:01 [INFO]: Get user request received
2024-12-30 16:10:01 [INFO]: Incoming request: GET /api/forms/cm5azhojx0001kvcqk4u3t4hf
2024-12-30 16:10:01 [INFO]: Token authenticated successfully
2024-12-30 16:10:01 [INFO]: User data retrieved successfully
2024-12-30 16:10:16 [INFO]: Incoming request: PUT /api/forms/cm5azhojx0001kvcqk4u3t4hf
2024-12-30 16:10:16 [INFO]: Token authenticated successfully
2024-12-30 16:10:16 [INFO]: Authorization successful
2024-12-30 16:10:18 [INFO]: Incoming request: PUT /api/forms/cm5azhojx0001kvcqk4u3t4hf
2024-12-30 16:10:18 [INFO]: Token authenticated successfully
2024-12-30 16:10:18 [INFO]: Authorization successful
2024-12-30 16:10:20 [INFO]: Incoming request: GET /api/forms
2024-12-30 16:10:20 [INFO]: Token authenticated successfully
2024-12-30 16:10:20 [INFO]: Incoming request: GET /api/auth/me
2024-12-30 16:10:20 [INFO]: Token authenticated successfully
2024-12-30 16:10:20 [INFO]: Get user request received
2024-12-30 16:10:20 [INFO]: Incoming request: GET /api/forms
2024-12-30 16:10:20 [INFO]: Token authenticated successfully
2024-12-30 16:10:20 [INFO]: User data retrieved successfully
2024-12-30 16:10:22 [INFO]: Incoming request: GET /api/forms/cm5azhojx0001kvcqk4u3t4hf
2024-12-30 16:10:22 [INFO]: Token authenticated successfully
2024-12-30 16:10:22 [INFO]: Incoming request: GET /api/auth/me
2024-12-30 16:10:22 [INFO]: Token authenticated successfully
2024-12-30 16:10:22 [INFO]: Get user request received
2024-12-30 16:10:22 [INFO]: Incoming request: GET /api/forms/cm5azhojx0001kvcqk4u3t4hf
2024-12-30 16:10:22 [INFO]: Token authenticated successfully
2024-12-30 16:10:22 [INFO]: User data retrieved successfully
2024-12-30 16:10:22 [INFO]: Incoming request: GET /api/forms/cm5azhojx0001kvcqk4u3t4hf/submissions
2024-12-30 16:10:22 [INFO]: Token authenticated successfully
2024-12-30 16:10:22 [INFO]: Authorization successful
2024-12-30 16:10:22 [INFO]: Incoming request: GET /api/forms/cm5azhojx0001kvcqk4u3t4hf/submissions
2024-12-30 16:10:22 [INFO]: Token authenticated successfully
2024-12-30 16:10:22 [INFO]: Authorization successful
2024-12-30 16:10:25 [INFO]: Incoming request: GET /api/forms
2024-12-30 16:10:25 [INFO]: Token authenticated successfully
2024-12-30 16:10:25 [INFO]: Incoming request: GET /api/auth/me
2024-12-30 16:10:25 [INFO]: Token authenticated successfully
2024-12-30 16:10:25 [INFO]: Get user request received
2024-12-30 16:10:25 [INFO]: Incoming request: GET /api/forms
2024-12-30 16:10:25 [INFO]: Token authenticated successfully
2024-12-30 16:10:25 [INFO]: User data retrieved successfully
2024-12-30 16:10:29 [INFO]: Incoming request: GET /api/forms/cm5azhojx0001kvcqk4u3t4hf
2024-12-30 16:10:29 [INFO]: Token authenticated successfully
2024-12-30 16:10:29 [INFO]: Incoming request: GET /api/auth/me
2024-12-30 16:10:29 [INFO]: Token authenticated successfully
2024-12-30 16:10:29 [INFO]: Get user request received
2024-12-30 16:10:29 [INFO]: Incoming request: GET /api/forms/cm5azhojx0001kvcqk4u3t4hf
2024-12-30 16:10:29 [INFO]: Token authenticated successfully
2024-12-30 16:10:29 [INFO]: User data retrieved successfully
2024-12-30 16:11:09 [INFO]: Incoming request: POST /api/auth/login
2024-12-30 16:11:09 [INFO]: Login request received
2024-12-30 16:11:09 [INFO]: User logged in successfully
2024-12-30 16:11:09 [INFO]: Incoming request: GET /api/forms
2024-12-30 16:11:09 [INFO]: Token authenticated successfully
2024-12-30 16:11:09 [INFO]: Incoming request: GET /api/auth/me
2024-12-30 16:11:09 [INFO]: Token authenticated successfully
2024-12-30 16:11:09 [INFO]: Get user request received
2024-12-30 16:11:09 [INFO]: Incoming request: GET /api/forms
2024-12-30 16:11:09 [INFO]: Token authenticated successfully
2024-12-30 16:11:09 [INFO]: User data retrieved successfully
2024-12-30 16:11:11 [INFO]: Incoming request: GET /api/forms/cm5azhojx0001kvcqk4u3t4hf
2024-12-30 16:11:11 [INFO]: Token authenticated successfully
2024-12-30 16:11:11 [INFO]: Incoming request: GET /api/auth/me
2024-12-30 16:11:11 [INFO]: Token authenticated successfully
2024-12-30 16:11:11 [INFO]: Get user request received
2024-12-30 16:11:11 [INFO]: Incoming request: GET /api/forms/cm5azhojx0001kvcqk4u3t4hf
2024-12-30 16:11:11 [INFO]: Token authenticated successfully
2024-12-30 16:11:11 [INFO]: User data retrieved successfully
2024-12-30 16:11:19 [INFO]: Incoming request: POST /api/forms/cm5azhojx0001kvcqk4u3t4hf/submit
2024-12-30 16:11:19 [INFO]: Token authenticated successfully
2024-12-30 16:11:19 [INFO]: Incoming request: GET /api/forms
2024-12-30 16:11:19 [INFO]: Token authenticated successfully
2024-12-30 16:11:19 [INFO]: Incoming request: GET /api/auth/me
2024-12-30 16:11:19 [INFO]: Token authenticated successfully
2024-12-30 16:11:19 [INFO]: Get user request received
2024-12-30 16:11:19 [INFO]: Incoming request: GET /api/forms
2024-12-30 16:11:19 [INFO]: Token authenticated successfully
2024-12-30 16:11:19 [INFO]: User data retrieved successfully
2024-12-30 16:11:45 [INFO]: Incoming request: GET /api/auth/me
2024-12-30 16:11:45 [INFO]: Token authenticated successfully
2024-12-30 16:11:45 [INFO]: Get user request received
2024-12-30 16:11:45 [INFO]: Incoming request: GET /api/auth/me
2024-12-30 16:11:45 [INFO]: Token authenticated successfully
2024-12-30 16:11:45 [INFO]: Get user request received
2024-12-30 16:11:45 [INFO]: User data retrieved successfully
2024-12-30 16:11:45 [INFO]: User data retrieved successfully
2024-12-30 16:11:45 [INFO]: Incoming request: GET /api/forms
2024-12-30 16:11:45 [INFO]: Token authenticated successfully
2024-12-30 16:11:45 [INFO]: Incoming request: GET /api/forms
2024-12-30 16:11:45 [INFO]: Token authenticated successfully
2024-12-30 16:21:52 [INFO]: Server running on port 3000
2024-12-30 16:22:18 [INFO]: Incoming request: POST /api/auth/login
2024-12-30 16:22:18 [INFO]: Login request received
2024-12-30 16:22:18 [INFO]: User logged in successfully
2024-12-30 16:22:18 [INFO]: Incoming request: GET /api/forms
2024-12-30 16:22:18 [INFO]: Token authenticated successfully
2024-12-30 16:22:18 [INFO]: Incoming request: GET /api/auth/me
2024-12-30 16:22:18 [INFO]: Token authenticated successfully
2024-12-30 16:22:18 [INFO]: Get user request received
2024-12-30 16:22:18 [INFO]: Incoming request: GET /api/forms
2024-12-30 16:22:18 [INFO]: Token authenticated successfully
2024-12-30 16:22:18 [INFO]: User data retrieved successfully
2024-12-30 16:22:20 [INFO]: Incoming request: GET /api/forms/cm5azhojx0001kvcqk4u3t4hf
2024-12-30 16:22:20 [INFO]: Token authenticated successfully
2024-12-30 16:22:20 [INFO]: Incoming request: GET /api/auth/me
2024-12-30 16:22:20 [INFO]: Token authenticated successfully
2024-12-30 16:22:20 [INFO]: Get user request received
2024-12-30 16:22:20 [INFO]: Incoming request: GET /api/forms/cm5azhojx0001kvcqk4u3t4hf
2024-12-30 16:22:20 [INFO]: Token authenticated successfully
2024-12-30 16:22:20 [INFO]: User data retrieved successfully
2024-12-30 16:25:41 [INFO]: Incoming request: GET /api/auth/me
2024-12-30 16:25:41 [INFO]: Token authenticated successfully
2024-12-30 16:25:41 [INFO]: Get user request received
2024-12-30 16:25:41 [INFO]: Incoming request: GET /api/auth/me
2024-12-30 16:25:41 [INFO]: Token authenticated successfully
2024-12-30 16:25:41 [INFO]: Get user request received
2024-12-30 16:25:41 [INFO]: User data retrieved successfully
2024-12-30 16:25:41 [INFO]: User data retrieved successfully
2024-12-30 16:25:41 [INFO]: Incoming request: GET /api/forms
2024-12-30 16:25:41 [INFO]: Token authenticated successfully
2024-12-30 16:25:41 [INFO]: Incoming request: GET /api/forms
2024-12-30 16:25:41 [INFO]: Token authenticated successfully
